<?xml version="1.0" encoding="UTF-8"?>
<testsuite name="cucumberJava.runTest" tests="0" skipped="0" failures="0" errors="0" timestamp="1970-01-01T00:00:00" hostname="Flavios-iMac.lan" time="0.0">
  <properties/>
  <system-out><![CDATA[Feature: CucumberJava
------------------------------
Login functionality exists Status - passed
------------------------------

  Scenario: Login functionality exists ?[90m# cucumberJava/digitalArts.feature:3?[0m
    ?[32mGiven ?[0m?[32mI have open the browser?[0m      ?[90m# CucumberJava.openBrowser()?[0m
    ?[32mWhen ?[0m?[32mI open DigitalArts website?[0m    ?[90m# CucumberJava.goToFacebook()?[0m
    ?[32mThen ?[0m?[32mLogin button should exits?[0m     ?[90m# CucumberJava.loginButton()?[0m

1 Scenarios (?[32m1 passed?[0m)
3 Steps (?[32m3 passed?[0m)
0m8.218s

]]></system-out>
  <system-err><![CDATA[1554675158213	Marionette	INFO	Stopped listening on port 51653
]]></system-err>
</testsuite>
