<?xml version="1.0" encoding="UTF-8"?>
<testsuite name="Scenario: Login functionality exists" tests="4" skipped="0" failures="0" errors="0" timestamp="2019-04-07T22:12:37" hostname="Flavios-iMac.lan" time="1.053">
  <properties/>
  <testcase name="Given I have open the browser" classname="Scenario: Login functionality exists" time="0.002"/>
  <testcase name="When I open DigitalArts website" classname="Scenario: Login functionality exists" time="0.0"/>
  <testcase name="Then Login button should exits" classname="Scenario: Login functionality exists" time="0.0"/>
  <testcase name="classMethod" classname="Scenario: Login functionality exists" time="8.311"/>
  <system-out><![CDATA[------------------------------
Starting - Login functionality exists
------------------------------
]]></system-out>
  <system-err><![CDATA[1554675151992	mozrunner::runner	INFO	Running command: "/Applications/Firefox.app/Contents/MacOS/firefox-bin" "-marionette" "-foreground" "-no-remote" "-profile" "/var/folders/cx/s1q_6jnd3lv0rspwt7g5fzlh0000gn/T/rust_mozprofile.1oIC7RaBFWgD"
1554675155148	addons.webextension.screenshots@mozilla.org	WARN	Loading extension 'screenshots@mozilla.org': Reading manifest: Invalid extension permission: mozillaAddons
1554675155148	addons.webextension.screenshots@mozilla.org	WARN	Loading extension 'screenshots@mozilla.org': Reading manifest: Invalid extension permission: resource://pdf.js/
1554675155148	addons.webextension.screenshots@mozilla.org	WARN	Loading extension 'screenshots@mozilla.org': Reading manifest: Invalid extension permission: about:reader*
1554675157453	Marionette	INFO	Listening on port 51653
1554675157538	Marionette	WARN	TLS certificate errors will be ignored for this session
Apr 07, 2019 6:12:37 PM org.openqa.selenium.remote.ProtocolHandshake createSession
INFO: Detected dialect: W3C
]]></system-err>
</testsuite>
